<?xml version="1.0" encoding="UTF-8"?>
<!-- Generated by org.testng.reporters.JUnitXMLReporter -->
<testsuite ignored="4" hostname="LAPTOP-HQIBGPDB" failures="1" tests="1" name="Default test(failed)" time="0.179" errors="0" timestamp="2022-07-23T09:42:15 IST">
  <testcase classname="com.openkart.test.orangHRMclass" name="orangeclick" time="0.048">
    <failure type="java.lang.NullPointerException" message="Cannot invoke &amp;quot;org.openqa.selenium.WebDriver.findElement(org.openqa.selenium.By)&amp;quot; because &amp;quot;this.driver&amp;quot; is null">
      <![CDATA[java.lang.NullPointerException: Cannot invoke "org.openqa.selenium.WebDriver.findElement(org.openqa.selenium.By)" because "this.driver" is null
at com.openkart.test.orangHRMclass.orangeclick(orangHRMclass.java:26)
at java.base/java.util.ArrayList.forEach(ArrayList.java:1511)
... Removed 25 stack frames]]>
    </failure>
  </testcase> <!-- orangeclick -->
  <testcase classname="com.openkart.test.orangHRMclass" name="close" time="0.0">
    <ignored/>
  </testcase> <!-- close -->
  <testcase classname="com.openkart.test.orangHRMclass" name="orangealert" time="0.0">
    <ignored/>
  </testcase> <!-- orangealert -->
  <testcase classname="com.openkart.test.orangHRMclass" name="orange" time="0.0">
    <ignored/>
  </testcase> <!-- orange -->
  <testcase classname="com.openkart.test.orangHRMclass" name="addcart" time="0.0">
    <ignored/>
  </testcase> <!-- addcart -->
</testsuite> <!-- Default test(failed) -->
