<?xml version="1.0" encoding="UTF-8"?>
<testng-results ignored="0" total="1" passed="1" failed="0" skipped="0">
  <reporter-output>
  </reporter-output>
  <suite started-at="2022-09-04T17:20:53 IST" name="Default suite" finished-at="2022-09-04T17:21:16 IST" duration-ms="23172">
    <groups>
    </groups>
    <test started-at="2022-09-04T17:20:53 IST" name="Default test" finished-at="2022-09-04T17:21:16 IST" duration-ms="23172">
      <class name="com.openkart.test.bookmytripp">
        <test-method signature="f()[pri:0, instance:com.openkart.test.bookmytripp@73700b80]" started-at="2022-09-04T17:20:53 IST" name="f" finished-at="2022-09-04T17:21:16 IST" duration-ms="23078" status="PASS">
          <reporter-output>
          </reporter-output>
        </test-method> <!-- f -->
      </class> <!-- com.openkart.test.bookmytripp -->
    </test> <!-- Default test -->
  </suite> <!-- Default suite -->
</testng-results>
